<?xml version="1.0" encoding="UTF-8"?>
<!-- Generated by org.testng.reporters.JUnitReportReporter -->
<testsuite hostname="DESKTOP-005K2MF" failures="0" tests="3" name="RestApIBasic.LoginAuthentication" time="8.498" errors="0" timestamp="14 Apr 2021 13:29:04 GMT" skipped="0">
  <testcase classname="RestApIBasic.LoginAuthentication" name="loginAuthentication" time="1.745"/>
  <testcase classname="RestApIBasic.LoginAuthentication" name="loginAuthentication" time="1.816"/>
  <testcase classname="RestApIBasic.LoginAuthentication" name="loginAuthentication" time="4.937"/>
</testsuite> <!-- RestApIBasic.LoginAuthentication -->
